[01m[K/home/ndev/Documents/nmt/map_test/catkin_ws/src/mapping/src/transform_pointcloud.cpp:24:46:[m[K [01;31m[Kerror: [m[Karray bound is not an integer constant before â€˜[01m[K][m[Kâ€™ token
   24 | std::vector<float> z_vals[x_size * y_size + 1[01;31m[K][m[K;
      |                                              [01;31m[K^[m[K
[01m[K/home/ndev/Documents/nmt/map_test/catkin_ws/src/mapping/src/transform_pointcloud.cpp:[m[K In function â€˜[01m[Kvoid callback(const PointCloud2ConstPtr&)[m[Kâ€™:
[01m[K/home/ndev/Documents/nmt/map_test/catkin_ws/src/mapping/src/transform_pointcloud.cpp:106:17:[m[K [01;31m[Kerror: [m[Kâ€˜[01m[Kz_vals[m[Kâ€™ was not declared in this scope
  106 |                 [01;31m[Kz_vals[m[K[i].push_back(z);
      |                 [01;31m[K^~~~~~[m[K
[01m[K/home/ndev/Documents/nmt/map_test/catkin_ws/src/mapping/src/transform_pointcloud.cpp:111:25:[m[K [01;31m[Kerror: [m[Kâ€˜[01m[Kz_vals[m[Kâ€™ was not declared in this scope
  111 |                     if ([01;31m[Kz_vals[m[K[y_size * x + y].size() > min_vals){
      |                         [01;31m[K^~~~~~[m[K
make[2]: *** [CMakeFiles/transform_pointcloud_node.dir/build.make:63: CMakeFiles/transform_pointcloud_node.dir/src/transform_pointcloud.cpp.o] Error 1
make[1]: *** [CMakeFiles/Makefile2:403: CMakeFiles/transform_pointcloud_node.dir/all] Error 2
make: *** [Makefile:141: all] Error 2
