[01m[K/home/ndev/Documents/nmt/map_test/catkin_ws/src/mapping/src/transform_pointcloud.cpp:[m[K In function â€˜[01m[Kvoid callback(const PointCloud2ConstPtr&)[m[Kâ€™:
[01m[K/home/ndev/Documents/nmt/map_test/catkin_ws/src/mapping/src/transform_pointcloud.cpp:93:21:[m[K [01;31m[Kerror: [m[Kexpected â€˜[01m[K,[m[Kâ€™ or â€˜[01m[K;[m[Kâ€™ before â€˜[01m[Kfloat[m[Kâ€™
   93 |                     [01;31m[Kfloat[m[K mean_max = quickselect(grid.data, 0, grid.data.size() - 1, grid.data.size()-1)
      |                     [01;31m[K^~~~~[m[K
[01m[K/home/ndev/Documents/nmt/map_test/catkin_ws/src/mapping/src/transform_pointcloud.cpp:95:34:[m[K [01;31m[Kerror: [m[Kâ€˜[01m[Kscaled_mean[m[Kâ€™ was not declared in this scope
   95 |                     std::cout << [01;31m[Kscaled_mean[m[K << std::endl;
      |                                  [01;31m[K^~~~~~~~~~~[m[K
make[2]: *** [CMakeFiles/transform_pointcloud_node.dir/build.make:63: CMakeFiles/transform_pointcloud_node.dir/src/transform_pointcloud.cpp.o] Error 1
make[1]: *** [CMakeFiles/Makefile2:403: CMakeFiles/transform_pointcloud_node.dir/all] Error 2
make: *** [Makefile:141: all] Error 2
