[01m[K/home/ndev/Documents/nmt/map_test/catkin_ws/src/mapping/src/transform_pointcloud.cpp:[m[K In function â€˜[01m[Kvoid callback(const PointCloud2ConstPtr&)[m[Kâ€™:
[01m[K/home/ndev/Documents/nmt/map_test/catkin_ws/src/mapping/src/transform_pointcloud.cpp:47:24:[m[K [01;31m[Kerror: [m[Kmissing template arguments before â€˜[01m[K<<[m[Kâ€™ token
   47 |             std::vector[01;31m[K<<[m[Kfloat> z_vals(x_size * y_size, -INT_MAX);
      |                        [01;31m[K^~[m[K
[01m[K/home/ndev/Documents/nmt/map_test/catkin_ws/src/mapping/src/transform_pointcloud.cpp:47:26:[m[K [01;31m[Kerror: [m[Kexpected primary-expression before â€˜[01m[Kfloat[m[Kâ€™
   47 |             std::vector<<[01;31m[Kfloat[m[K> z_vals(x_size * y_size, -INT_MAX);
      |                          [01;31m[K^~~~~[m[K
[01m[K/home/ndev/Documents/nmt/map_test/catkin_ws/src/mapping/src/transform_pointcloud.cpp:75:29:[m[K [01;31m[Kerror: [m[Kâ€˜[01m[Kz_vals[m[Kâ€™ was not declared in this scope
   75 |                     if (z > [01;31m[Kz_vals[m[K.at[i]) {
      |                             [01;31m[K^~~~~~[m[K
[01m[K/home/ndev/Documents/nmt/map_test/catkin_ws/src/mapping/src/transform_pointcloud.cpp:93:22:[m[K [01;31m[Kerror: [m[Kâ€˜[01m[Knav_msgs::OccupancyGrid[m[Kâ€™ {aka â€˜[01m[Kstruct nav_msgs::OccupancyGrid_<std::allocator<void> >[m[Kâ€™} has no member named â€˜[01m[Kat[m[Kâ€™; did you mean â€˜[01m[Kdata[m[Kâ€™?
   93 |                 grid.[01;31m[Kat[m[K(i) = 100 * (z_vals.at(i) - z_min) / (z_max - z_min);
      |                      [01;31m[K^~[m[K
      |                      [32m[Kdata[m[K
[01m[K/home/ndev/Documents/nmt/map_test/catkin_ws/src/mapping/src/transform_pointcloud.cpp:93:37:[m[K [01;31m[Kerror: [m[Kâ€˜[01m[Kz_vals[m[Kâ€™ was not declared in this scope
   93 |                 grid.at(i) = 100 * ([01;31m[Kz_vals[m[K.at(i) - z_min) / (z_max - z_min);
      |                                     [01;31m[K^~~~~~[m[K
make[2]: *** [CMakeFiles/transform_pointcloud_node.dir/build.make:63: CMakeFiles/transform_pointcloud_node.dir/src/transform_pointcloud.cpp.o] Error 1
make[1]: *** [CMakeFiles/Makefile2:403: CMakeFiles/transform_pointcloud_node.dir/all] Error 2
make: *** [Makefile:141: all] Error 2
