[01m[K/home/ndev/Documents/nmt/map_test/catkin_ws/src/mapping/src/transform_pointcloud.cpp:[m[K In function â€˜[01m[Kvoid callback(const PointCloud2ConstPtr&)[m[Kâ€™:
[01m[K/home/ndev/Documents/nmt/map_test/catkin_ws/src/mapping/src/transform_pointcloud.cpp:47:27:[m[K [01;31m[Kerror: [m[Kexpected â€˜[01m[K;[m[Kâ€™ before â€˜[01m[Kfor[m[Kâ€™
   47 |             z_vals.clear()
      |                           [01;31m[K^[m[K
      |                           [32m[K;[m[K
   48 |             [32m[Kfor[m[K(sensor_msgs::PointCloud2ConstIterator<float>
      |             [32m[K~~~[m[K            
[01m[K/home/ndev/Documents/nmt/map_test/catkin_ws/src/mapping/src/transform_pointcloud.cpp:52:17:[m[K [01;31m[Kerror: [m[Kâ€˜[01m[Kiter_x[m[Kâ€™ was not declared in this scope
   52 |                 [01;31m[Kiter_x[m[K != iter_x.end();
      |                 [01;31m[K^~~~~~[m[K
[01m[K/home/ndev/Documents/nmt/map_test/catkin_ws/src/mapping/src/transform_pointcloud.cpp:53:29:[m[K [01;31m[Kerror: [m[Kâ€˜[01m[Kiter_y[m[Kâ€™ was not declared in this scope
   53 |                 ++iter_x, ++[01;31m[Kiter_y[m[K, ++iter_z)
      |                             [01;31m[K^~~~~~[m[K
[01m[K/home/ndev/Documents/nmt/map_test/catkin_ws/src/mapping/src/transform_pointcloud.cpp:53:39:[m[K [01;31m[Kerror: [m[Kâ€˜[01m[Kiter_z[m[Kâ€™ was not declared in this scope
   53 |                 ++iter_x, ++iter_y, ++[01;31m[Kiter_z[m[K)
      |                                       [01;31m[K^~~~~~[m[K
make[2]: *** [CMakeFiles/transform_pointcloud_node.dir/build.make:63: CMakeFiles/transform_pointcloud_node.dir/src/transform_pointcloud.cpp.o] Error 1
make[1]: *** [CMakeFiles/Makefile2:403: CMakeFiles/transform_pointcloud_node.dir/all] Error 2
make: *** [Makefile:141: all] Error 2
