[01m[K/home/ndev/Documents/nmt/map_test/catkin_ws/src/mapping/src/transform_pointcloud.cpp:[m[K In function â€˜[01m[Kvoid callback(const PointCloud2ConstPtr&)[m[Kâ€™:
[01m[K/home/ndev/Documents/nmt/map_test/catkin_ws/src/mapping/src/transform_pointcloud.cpp:93:53:[m[K [01;31m[Kerror: [m[Kâ€˜[01m[Kmean_min[m[Kâ€™ was not declared in this scope
   93 |                     int scaled_mean = 100 * (mean - [01;31m[Kmean_min[m[K) / (mean_max - mean_min);
      |                                                     [01;31m[K^~~~~~~~[m[K
[01m[K/home/ndev/Documents/nmt/map_test/catkin_ws/src/mapping/src/transform_pointcloud.cpp:93:66:[m[K [01;31m[Kerror: [m[Kâ€˜[01m[Kmean_max[m[Kâ€™ was not declared in this scope
   93 |                     int scaled_mean = 100 * (mean - mean_min) / ([01;31m[Kmean_max[m[K - mean_min);
      |                                                                  [01;31m[K^~~~~~~~[m[K
make[2]: *** [CMakeFiles/transform_pointcloud_node.dir/build.make:63: CMakeFiles/transform_pointcloud_node.dir/src/transform_pointcloud.cpp.o] Error 1
make[1]: *** [CMakeFiles/Makefile2:403: CMakeFiles/transform_pointcloud_node.dir/all] Error 2
make: *** [Makefile:141: all] Error 2
