[01m[K/home/ndev/Documents/nmt/map_test/catkin_ws/src/mapping/src/transform_pointcloud.cpp:[m[K In function â€˜[01m[Kvoid callback(const PointCloud2ConstPtr&)[m[Kâ€™:
[01m[K/home/ndev/Documents/nmt/map_test/catkin_ws/src/mapping/src/transform_pointcloud.cpp:105:30:[m[K [01;31m[Kerror: [m[Kâ€˜[01m[Ksize_x[m[Kâ€™ was not declared in this scope; did you mean â€˜[01m[Ksize_t[m[Kâ€™?
  105 |                 std::cout << [01;31m[Ksize_x[m[K << " ``" << size_y << "\n";
      |                              [01;31m[K^~~~~~[m[K
      |                              [32m[Ksize_t[m[K
[01m[K/home/ndev/Documents/nmt/map_test/catkin_ws/src/mapping/src/transform_pointcloud.cpp:105:49:[m[K [01;31m[Kerror: [m[Kâ€˜[01m[Ksize_y[m[Kâ€™ was not declared in this scope; did you mean â€˜[01m[Ksize_t[m[Kâ€™?
  105 |                 std::cout << size_x << " ``" << [01;31m[Ksize_y[m[K << "\n";
      |                                                 [01;31m[K^~~~~~[m[K
      |                                                 [32m[Ksize_t[m[K
make[2]: *** [CMakeFiles/transform_pointcloud_node.dir/build.make:63: CMakeFiles/transform_pointcloud_node.dir/src/transform_pointcloud.cpp.o] Error 1
make[1]: *** [CMakeFiles/Makefile2:403: CMakeFiles/transform_pointcloud_node.dir/all] Error 2
make: *** [Makefile:141: all] Error 2
