[01m[K/home/ndev/Documents/nmt/map_test/catkin_ws/src/mapping/src/transform_pointcloud.cpp:[m[K In function â€˜[01m[Kvoid callback(const PointCloud2ConstPtr&)[m[Kâ€™:
[01m[K/home/ndev/Documents/nmt/map_test/catkin_ws/src/mapping/src/transform_pointcloud.cpp:104:48:[m[K [01;31m[Kerror: [m[Kâ€˜[01m[Kmax_x_size[m[Kâ€™ was not declared in this scope; did you mean â€˜[01m[Kmap_x_size[m[Kâ€™?
  104 |                 if (x < map_x_size / 2 && x > -[01;31m[Kmax_x_size[m[K &&
      |                                                [01;31m[K^~~~~~~~~~[m[K
      |                                                [32m[Kmap_x_size[m[K
make[2]: *** [CMakeFiles/transform_pointcloud_node.dir/build.make:63: CMakeFiles/transform_pointcloud_node.dir/src/transform_pointcloud.cpp.o] Error 1
make[1]: *** [CMakeFiles/Makefile2:403: CMakeFiles/transform_pointcloud_node.dir/all] Error 2
make: *** [Makefile:141: all] Error 2
